<?xml version="1.0" encoding="UTF-8"?>
<!-- Generated by org.testng.reporters.JUnitReportReporter -->
<testsuite skipped="0" hostname="Lenovo-PC" name="runnerFiles.RunTestNGTest" tests="1" failures="0" timestamp="2020-06-01T20:18:11 IST" time="2.175" errors="0">
  <testcase name="runScenario" time="2.175" classname="runnerFiles.RunTestNGTest"/>
  <system-out/>
</testsuite> <!-- runnerFiles.RunTestNGTest -->
